<?xml version="1.0" encoding="UTF-8"?>
<testsuite xmlns:xsi="http://www.w3.org/2001/XMLSchema-instance" xsi:noNamespaceSchemaLocation="https://maven.apache.org/surefire/maven-surefire-plugin/xsd/surefire-test-report.xsd" version="3.0.1" name="com.example.AppTest" time="0.203" tests="1" errors="0" skipped="0" failures="0">
  <properties>
    <property name="java.specification.version" value="23"/>
    <property name="maven.user.extensions" value="C:\Users\LCCCH22/.m2/extensions.xml"/>
    <property name="sun.cpu.isalist" value="amd64"/>
    <property name="sun.jnu.encoding" value="Cp1252"/>
    <property name="java.class.path" value="C:\Users\LCCCH22\OneDrive - RealDolmen\Desktop\java-se-17-training\target\test-classes;C:\Users\LCCCH22\OneDrive - RealDolmen\Desktop\java-se-17-training\target\classes;C:\Users\LCCCH22\.m2\repository\org\junit\jupiter\junit-jupiter-api\5.11.0\junit-jupiter-api-5.11.0.jar;C:\Users\LCCCH22\.m2\repository\org\opentest4j\opentest4j\1.3.0\opentest4j-1.3.0.jar;C:\Users\LCCCH22\.m2\repository\org\junit\platform\junit-platform-commons\1.11.0\junit-platform-commons-1.11.0.jar;C:\Users\LCCCH22\.m2\repository\org\apiguardian\apiguardian-api\1.1.2\apiguardian-api-1.1.2.jar;C:\Users\LCCCH22\.m2\repository\org\junit\jupiter\junit-jupiter-params\5.11.0\junit-jupiter-params-5.11.0.jar;"/>
    <property name="java.vm.vendor" value="Azul Systems, Inc."/>
    <property name="sun.arch.data.model" value="64"/>
    <property name="user.variant" value=""/>
    <property name="maven.user.toolchains" value="C:\Users\LCCCH22/.m2/toolchains.xml"/>
    <property name="java.vendor.url" value="http://www.azul.com/"/>
    <property name="user.timezone" value="Europe/Brussels"/>
    <property name="os.name" value="Windows 11"/>
    <property name="java.vm.specification.version" value="23"/>
    <property name="maven.repo.central" value="https://repo.maven.apache.org/maven2"/>
    <property name="sun.java.launcher" value="SUN_STANDARD"/>
    <property name="user.country" value="GB"/>
    <property name="sun.boot.library.path" value="C:\Users\LCCCH22\Downloads\azul-23.0.1\azul-23.0.1\bin"/>
    <property name="sun.java.command" value="C:\Users\LCCCH22\AppData\Local\Temp\surefire8527785513454453875\surefirebooter-20241107115533939_3.jar C:\Users\LCCCH22\AppData\Local\Temp\surefire8527785513454453875 2024-11-07T11-55-30_799-jvmRun1 surefire-20241107115533939_1tmp surefire_0-20241107115533939_2tmp"/>
    <property name="maven.project.settings" value="C:\Users\LCCCH22\OneDrive - RealDolmen\Desktop\java-se-17-training/.mvn/settings.xml"/>
    <property name="jdk.debug" value="release"/>
    <property name="surefire.test.class.path" value="C:\Users\LCCCH22\OneDrive - RealDolmen\Desktop\java-se-17-training\target\test-classes;C:\Users\LCCCH22\OneDrive - RealDolmen\Desktop\java-se-17-training\target\classes;C:\Users\LCCCH22\.m2\repository\org\junit\jupiter\junit-jupiter-api\5.11.0\junit-jupiter-api-5.11.0.jar;C:\Users\LCCCH22\.m2\repository\org\opentest4j\opentest4j\1.3.0\opentest4j-1.3.0.jar;C:\Users\LCCCH22\.m2\repository\org\junit\platform\junit-platform-commons\1.11.0\junit-platform-commons-1.11.0.jar;C:\Users\LCCCH22\.m2\repository\org\apiguardian\apiguardian-api\1.1.2\apiguardian-api-1.1.2.jar;C:\Users\LCCCH22\.m2\repository\org\junit\jupiter\junit-jupiter-params\5.11.0\junit-jupiter-params-5.11.0.jar;"/>
    <property name="sun.cpu.endian" value="little"/>
    <property name="user.home" value="C:\Users\LCCCH22"/>
    <property name="user.language" value="en"/>
    <property name="java.specification.vendor" value="Oracle Corporation"/>
    <property name="java.version.date" value="2024-10-15"/>
    <property name="java.home" value="C:\Users\LCCCH22\Downloads\azul-23.0.1\azul-23.0.1"/>
    <property name="maven.user.conf" value="C:\Users\LCCCH22/.m2"/>
    <property name="file.separator" value="\"/>
    <property name="basedir" value="C:\Users\LCCCH22\OneDrive - RealDolmen\Desktop\java-se-17-training"/>
    <property name="java.vm.compressedOopsMode" value="Zero based"/>
    <property name="line.separator" value="&#10;"/>
    <property name="java.vm.specification.vendor" value="Oracle Corporation"/>
    <property name="java.specification.name" value="Java Platform API Specification"/>
    <property name="maven.project.conf" value="C:\Users\LCCCH22\OneDrive - RealDolmen\Desktop\java-se-17-training/.mvn"/>
    <property name="surefire.real.class.path" value="C:\Users\LCCCH22\AppData\Local\Temp\surefire8527785513454453875\surefirebooter-20241107115533939_3.jar"/>
    <property name="user.script" value=""/>
    <property name="sun.management.compiler" value="HotSpot 64-Bit Tiered Compilers"/>
    <property name="java.runtime.version" value="23.0.1+11"/>
    <property name="user.name" value="LCCCH22"/>
    <property name="stdout.encoding" value="Cp1252"/>
    <property name="maven.installation.conf" value="C:\Users\LCCCH22\Downloads\apache-maven-4.0.0-beta-5-bin\apache-maven-4.0.0-beta-5/conf"/>
    <property name="path.separator" value=";"/>
    <property name="os.version" value="10.0"/>
    <property name="java.runtime.name" value="OpenJDK Runtime Environment"/>
    <property name="file.encoding" value="UTF-8"/>
    <property name="maven.installation.toolchains" value="C:\Users\LCCCH22\Downloads\apache-maven-4.0.0-beta-5-bin\apache-maven-4.0.0-beta-5/conf/toolchains.xml"/>
    <property name="java.vm.name" value="OpenJDK 64-Bit Server VM"/>
    <property name="java.vendor.version" value="Zulu23.30+13-CA"/>
    <property name="localRepository" value="C:\Users\LCCCH22\.m2\repository"/>
    <property name="maven.project.extensions" value="C:\Users\LCCCH22\OneDrive - RealDolmen\Desktop\java-se-17-training/.mvn/extensions.xml"/>
    <property name="java.vendor.url.bug" value="http://www.azul.com/support/"/>
    <property name="java.io.tmpdir" value="C:\Users\LCCCH22\AppData\Local\Temp\"/>
    <property name="maven.installation.extensions" value="C:\Users\LCCCH22\Downloads\apache-maven-4.0.0-beta-5-bin\apache-maven-4.0.0-beta-5/conf/extensions.xml"/>
    <property name="java.version" value="23.0.1"/>
    <property name="user.dir" value="C:\Users\LCCCH22\OneDrive - RealDolmen\Desktop\java-se-17-training"/>
    <property name="os.arch" value="amd64"/>
    <property name="java.vm.specification.name" value="Java Virtual Machine Specification"/>
    <property name="sun.os.patch.level" value=""/>
    <property name="native.encoding" value="Cp1252"/>
    <property name="java.library.path" value="C:\Users\LCCCH22\Downloads\azul-23.0.1\azul-23.0.1\bin;C:\Windows\Sun\Java\bin;C:\Windows\system32;C:\Windows;C:\Users\LCCCH22\Downloads\azul-23.0.1\azul-23.0.1\bin\;C:\Program Files\Zulu\zulu-17\bin\;C:\Program Files\Zulu\zulu-8\bin\;C:\Windows\system32;C:\Windows;C:\Windows\System32\Wbem;C:\Windows\System32\WindowsPowerShell\v1.0\;C:\Windows\System32\OpenSSH\;C:\Program Files\Git\cmd;C:\Users\LCCCH22\Downloads\apache-maven-4.0.0-beta-5-bin\apache-maven-4.0.0-beta-5\bin;C:\Users\LCCCH22\Downloads\node-v22.11.0-win-x64\node-v22.11.0-win-x64;C:\Users\LCCCH22\Downloads\postgresql-17.0-1-windows-x64-binaries\pgsql\bin;C:\Users\LCCCH22\AppData\Local\Microsoft\WindowsApps;C:\Users\LCCCH22\AppData\Local\JetBrains\Toolbox\scripts;;."/>
    <property name="java.vm.info" value="mixed mode, sharing"/>
    <property name="stderr.encoding" value="Cp1252"/>
    <property name="java.vendor" value="Azul Systems, Inc."/>
    <property name="java.vm.version" value="23.0.1+11"/>
    <property name="maven.installation.settings" value="C:\Users\LCCCH22\Downloads\apache-maven-4.0.0-beta-5-bin\apache-maven-4.0.0-beta-5/conf/settings.xml"/>
    <property name="sun.io.unicode.encoding" value="UnicodeLittle"/>
    <property name="maven.user.settings" value="C:\Users\LCCCH22/.m2/settings.xml"/>
    <property name="java.class.version" value="67.0"/>
  </properties>
  <testcase name="shouldAnswerWithTrue" classname="com.example.AppTest" time="0.113"/>
</testsuite>