<?xml version="1.0" encoding="UTF-8"?>
<testsuite xmlns:xsi="http://www.w3.org/2001/XMLSchema-instance" xsi:noNamespaceSchemaLocation="https://maven.apache.org/surefire/maven-surefire-plugin/xsd/surefire-test-report.xsd" version="3.0.1" name="com.example.part1.Part1Test" time="0.14" tests="1" errors="0" skipped="0" failures="0">
  <properties>
    <property name="java.specification.version" value="17"/>
    <property name="sun.cpu.isalist" value="amd64"/>
    <property name="sun.jnu.encoding" value="Cp1252"/>
    <property name="java.class.path" value="C:\Users\LCCCH22\OneDrive - RealDolmen\Desktop\java-se-17-training\chapter1\target\test-classes;C:\Users\LCCCH22\OneDrive - RealDolmen\Desktop\java-se-17-training\chapter1\target\classes;C:\Users\LCCCH22\.m2\repository\org\junit\jupiter\junit-jupiter-api\5.11.0\junit-jupiter-api-5.11.0.jar;C:\Users\LCCCH22\.m2\repository\org\opentest4j\opentest4j\1.3.0\opentest4j-1.3.0.jar;C:\Users\LCCCH22\.m2\repository\org\junit\platform\junit-platform-commons\1.11.0\junit-platform-commons-1.11.0.jar;C:\Users\LCCCH22\.m2\repository\org\apiguardian\apiguardian-api\1.1.2\apiguardian-api-1.1.2.jar;C:\Users\LCCCH22\.m2\repository\org\junit\jupiter\junit-jupiter-params\5.11.0\junit-jupiter-params-5.11.0.jar;C:\Users\LCCCH22\.m2\repository\org\apache\onami\logging\org.apache.onami.logging.log4j2\3.4.0-incubating\org.apache.onami.logging.log4j2-3.4.0-incubating.jar;C:\Users\LCCCH22\.m2\repository\org\apache\onami\logging\org.apache.onami.logging.core\3.4.0-incubating\org.apache.onami.logging.core-3.4.0-incubating.jar;C:\Users\LCCCH22\.m2\repository\org\apache\logging\log4j\log4j-api\2.0-beta3\log4j-api-2.0-beta3.jar;C:\Users\LCCCH22\.m2\repository\org\apache\logging\log4j\log4j-core\2.0-beta3\log4j-core-2.0-beta3.jar;"/>
    <property name="java.vm.vendor" value="Azul Systems, Inc."/>
    <property name="sun.arch.data.model" value="64"/>
    <property name="user.variant" value=""/>
    <property name="java.vendor.url" value="http://www.azul.com/"/>
    <property name="user.timezone" value="Europe/Brussels"/>
    <property name="os.name" value="Windows 11"/>
    <property name="java.vm.specification.version" value="17"/>
    <property name="sun.java.launcher" value="SUN_STANDARD"/>
    <property name="user.country" value="GB"/>
    <property name="sun.boot.library.path" value="C:\Program Files\Zulu\zulu-17\bin"/>
    <property name="sun.java.command" value="C:\Users\LCCCH22\AppData\Local\Temp\surefire8186693220537427240\surefirebooter-20241107133855158_3.jar C:\Users\LCCCH22\AppData\Local\Temp\surefire8186693220537427240 2024-11-07T13-38-54_572-jvmRun1 surefire-20241107133855158_1tmp surefire_0-20241107133855158_2tmp"/>
    <property name="jdk.debug" value="release"/>
    <property name="surefire.test.class.path" value="C:\Users\LCCCH22\OneDrive - RealDolmen\Desktop\java-se-17-training\chapter1\target\test-classes;C:\Users\LCCCH22\OneDrive - RealDolmen\Desktop\java-se-17-training\chapter1\target\classes;C:\Users\LCCCH22\.m2\repository\org\junit\jupiter\junit-jupiter-api\5.11.0\junit-jupiter-api-5.11.0.jar;C:\Users\LCCCH22\.m2\repository\org\opentest4j\opentest4j\1.3.0\opentest4j-1.3.0.jar;C:\Users\LCCCH22\.m2\repository\org\junit\platform\junit-platform-commons\1.11.0\junit-platform-commons-1.11.0.jar;C:\Users\LCCCH22\.m2\repository\org\apiguardian\apiguardian-api\1.1.2\apiguardian-api-1.1.2.jar;C:\Users\LCCCH22\.m2\repository\org\junit\jupiter\junit-jupiter-params\5.11.0\junit-jupiter-params-5.11.0.jar;C:\Users\LCCCH22\.m2\repository\org\apache\onami\logging\org.apache.onami.logging.log4j2\3.4.0-incubating\org.apache.onami.logging.log4j2-3.4.0-incubating.jar;C:\Users\LCCCH22\.m2\repository\org\apache\onami\logging\org.apache.onami.logging.core\3.4.0-incubating\org.apache.onami.logging.core-3.4.0-incubating.jar;C:\Users\LCCCH22\.m2\repository\org\apache\logging\log4j\log4j-api\2.0-beta3\log4j-api-2.0-beta3.jar;C:\Users\LCCCH22\.m2\repository\org\apache\logging\log4j\log4j-core\2.0-beta3\log4j-core-2.0-beta3.jar;"/>
    <property name="sun.cpu.endian" value="little"/>
    <property name="user.home" value="C:\Users\LCCCH22"/>
    <property name="user.language" value="en"/>
    <property name="java.specification.vendor" value="Oracle Corporation"/>
    <property name="java.version.date" value="2024-10-15"/>
    <property name="java.home" value="C:\Program Files\Zulu\zulu-17"/>
    <property name="file.separator" value="\"/>
    <property name="basedir" value="C:\Users\LCCCH22\OneDrive - RealDolmen\Desktop\java-se-17-training\chapter1"/>
    <property name="java.vm.compressedOopsMode" value="Zero based"/>
    <property name="line.separator" value="&#10;"/>
    <property name="java.vm.specification.vendor" value="Oracle Corporation"/>
    <property name="java.specification.name" value="Java Platform API Specification"/>
    <property name="surefire.real.class.path" value="C:\Users\LCCCH22\AppData\Local\Temp\surefire8186693220537427240\surefirebooter-20241107133855158_3.jar"/>
    <property name="user.script" value=""/>
    <property name="sun.management.compiler" value="HotSpot 64-Bit Tiered Compilers"/>
    <property name="java.runtime.version" value="17.0.13+11-LTS"/>
    <property name="user.name" value="LCCCH22"/>
    <property name="path.separator" value=";"/>
    <property name="os.version" value="10.0"/>
    <property name="java.runtime.name" value="OpenJDK Runtime Environment"/>
    <property name="file.encoding" value="Cp1252"/>
    <property name="java.vm.name" value="OpenJDK 64-Bit Server VM"/>
    <property name="java.vendor.version" value="Zulu17.54+21-CA"/>
    <property name="localRepository" value="C:\Users\LCCCH22\.m2\repository"/>
    <property name="java.vendor.url.bug" value="http://www.azul.com/support/"/>
    <property name="java.io.tmpdir" value="C:\Users\LCCCH22\AppData\Local\Temp\"/>
    <property name="idea.version" value="2024.2.4"/>
    <property name="java.version" value="17.0.13"/>
    <property name="user.dir" value="C:\Users\LCCCH22\OneDrive - RealDolmen\Desktop\java-se-17-training\chapter1"/>
    <property name="os.arch" value="amd64"/>
    <property name="java.vm.specification.name" value="Java Virtual Machine Specification"/>
    <property name="sun.os.patch.level" value=""/>
    <property name="native.encoding" value="Cp1252"/>
    <property name="java.library.path" value="C:\Program Files\Zulu\zulu-17\bin;C:\Windows\Sun\Java\bin;C:\Windows\system32;C:\Windows;C:\Users\LCCCH22\Downloads\azul-23.0.1\azul-23.0.1\bin\;C:\Program Files\Zulu\zulu-17\bin\;C:\Program Files\Zulu\zulu-8\bin\;C:\Windows\system32;C:\Windows;C:\Windows\System32\Wbem;C:\Windows\System32\WindowsPowerShell\v1.0\;C:\Windows\System32\OpenSSH\;C:\Program Files\Git\cmd;C:\Users\LCCCH22\Downloads\apache-maven-4.0.0-beta-5-bin\apache-maven-4.0.0-beta-5\bin;C:\Users\LCCCH22\Downloads\node-v22.11.0-win-x64\node-v22.11.0-win-x64;C:\Users\LCCCH22\Downloads\postgresql-17.0-1-windows-x64-binaries\pgsql\bin;C:\Users\LCCCH22\AppData\Local\Microsoft\WindowsApps;C:\Users\LCCCH22\AppData\Local\JetBrains\Toolbox\scripts;."/>
    <property name="java.vm.info" value="mixed mode, sharing"/>
    <property name="java.vendor" value="Azul Systems, Inc."/>
    <property name="java.vm.version" value="17.0.13+11-LTS"/>
    <property name="java.specification.maintenance.version" value="1"/>
    <property name="sun.io.unicode.encoding" value="UnicodeLittle"/>
    <property name="java.class.version" value="61.0"/>
  </properties>
  <testcase name="test1" classname="com.example.part1.Part1Test" time="0.067"/>
</testsuite>